{"level":"info","ts":"2024-11-01T11:17:58.937+0100","caller":"connect/main.go:337","msg":"successfully read in configs","pid":85040,"oracle_config_path":"","market_config_path":""}
{"level":"info","ts":"2024-11-01T11:17:59.093+0100","caller":"connect/main.go:404","msg":"starting prometheus metrics","pid":85040,"address":"0.0.0.0:8002"}
{"level":"error","ts":"2024-11-01T11:17:59.093+0100","caller":"connect/main.go:454","msg":"stopping server","pid":85040,"error":"listen tcp 0.0.0.0:8080: bind: address already in use"}
{"level":"info","ts":"2024-11-01T11:17:59.093+0100","caller":"prometheus/server.go:74","msg":"prometheus server error","pid":85040,"server":"prometheus","error":"listen tcp 0.0.0.0:8002: bind: address already in use"}
{"level":"info","ts":"2024-11-01T11:17:59.093+0100","caller":"oracle/lifecycle.go:16","msg":"starting oracle","pid":85040,"process":"oracle"}
{"level":"info","ts":"2024-11-01T11:17:59.093+0100","caller":"oracle/lifecycle.go:80","msg":"stopping oracle","pid":85040,"process":"oracle"}
{"level":"info","ts":"2024-11-01T11:17:59.093+0100","caller":"oracle/init.go:106","msg":"created polymarket_api provider state","pid":85040,"process":"oracle","provider":"polymarket_api","num_tickers":0}
{"level":"info","ts":"2024-11-01T11:17:59.095+0100","caller":"oracle/init.go:106","msg":"created uniswapv3_api-ethereum provider state","pid":85040,"process":"oracle","provider":"uniswapv3_api-ethereum","num_tickers":0}
{"level":"info","ts":"2024-11-01T11:17:59.095+0100","caller":"oracle/init.go:106","msg":"created huobi_ws provider state","pid":85040,"process":"oracle","provider":"huobi_ws","num_tickers":0}
{"level":"info","ts":"2024-11-01T11:17:59.095+0100","caller":"oracle/init.go:106","msg":"created uniswapv3_api-base provider state","pid":85040,"process":"oracle","provider":"uniswapv3_api-base","num_tickers":0}
{"level":"info","ts":"2024-11-01T11:17:59.095+0100","caller":"oracle/init.go:106","msg":"created binance_api provider state","pid":85040,"process":"oracle","provider":"binance_api","num_tickers":0}
{"level":"info","ts":"2024-11-01T11:17:59.095+0100","caller":"oracle/init.go:106","msg":"created okx_ws provider state","pid":85040,"process":"oracle","provider":"okx_ws","num_tickers":0}
{"level":"info","ts":"2024-11-01T11:17:59.095+0100","caller":"oracle/init.go:106","msg":"created raydium_api provider state","pid":85040,"process":"oracle","provider":"raydium_api","num_tickers":0}
{"level":"info","ts":"2024-11-01T11:17:59.095+0100","caller":"oracle/init.go:106","msg":"created volatile-exchange-provider provider state","pid":85040,"process":"oracle","provider":"volatile-exchange-provider","num_tickers":0}
{"level":"info","ts":"2024-11-01T11:17:59.095+0100","caller":"oracle/init.go:106","msg":"created coinmarketcap_api provider state","pid":85040,"process":"oracle","provider":"coinmarketcap_api","num_tickers":0}
{"level":"info","ts":"2024-11-01T11:17:59.096+0100","caller":"oracle/init.go:106","msg":"created kucoin_ws provider state","pid":85040,"process":"oracle","provider":"kucoin_ws","num_tickers":0}
{"level":"info","ts":"2024-11-01T11:17:59.096+0100","caller":"oracle/init.go:106","msg":"created coinbase_api provider state","pid":85040,"process":"oracle","provider":"coinbase_api","num_tickers":0}
{"level":"info","ts":"2024-11-01T11:17:59.096+0100","caller":"oracle/init.go:106","msg":"created binance_ws provider state","pid":85040,"process":"oracle","provider":"binance_ws","num_tickers":0}
{"level":"info","ts":"2024-11-01T11:17:59.096+0100","caller":"oracle/init.go:106","msg":"created kraken_api provider state","pid":85040,"process":"oracle","provider":"kraken_api","num_tickers":0}
{"level":"info","ts":"2024-11-01T11:17:59.096+0100","caller":"oracle/init.go:106","msg":"created gate_ws provider state","pid":85040,"process":"oracle","provider":"gate_ws","num_tickers":0}
{"level":"info","ts":"2024-11-01T11:17:59.096+0100","caller":"oracle/init.go:106","msg":"created coinbase_ws provider state","pid":85040,"process":"oracle","provider":"coinbase_ws","num_tickers":0}
{"level":"info","ts":"2024-11-01T11:17:59.096+0100","caller":"oracle/init.go:155","msg":"created market map provider","pid":85040,"process":"oracle","provider":"marketmap_api"}
{"level":"info","ts":"2024-11-01T11:17:59.096+0100","caller":"oracle/init.go:106","msg":"created bybit_ws provider state","pid":85040,"process":"oracle","provider":"bybit_ws","num_tickers":0}
{"level":"info","ts":"2024-11-01T11:17:59.096+0100","caller":"oracle/init.go:106","msg":"created coingecko_api provider state","pid":85040,"process":"oracle","provider":"coingecko_api","num_tickers":0}
{"level":"info","ts":"2024-11-01T11:17:59.096+0100","caller":"oracle/init.go:106","msg":"created kraken_ws provider state","pid":85040,"process":"oracle","provider":"kraken_ws","num_tickers":0}
{"level":"info","ts":"2024-11-01T11:17:59.096+0100","caller":"oracle/init.go:106","msg":"created bitstamp_ws provider state","pid":85040,"process":"oracle","provider":"bitstamp_ws","num_tickers":0}
{"level":"info","ts":"2024-11-01T11:17:59.096+0100","caller":"oracle/init.go:106","msg":"created crypto_dot_com_ws provider state","pid":85040,"process":"oracle","provider":"crypto_dot_com_ws","num_tickers":0}
{"level":"info","ts":"2024-11-01T11:17:59.096+0100","caller":"oracle/init.go:106","msg":"created bitfinex_ws provider state","pid":85040,"process":"oracle","provider":"bitfinex_ws","num_tickers":0}
{"level":"info","ts":"2024-11-01T11:17:59.096+0100","caller":"oracle/init.go:106","msg":"created bitstamp_api provider state","pid":85040,"process":"oracle","provider":"bitstamp_api","num_tickers":0}
{"level":"info","ts":"2024-11-01T11:17:59.096+0100","caller":"oracle/init.go:106","msg":"created mexc_ws provider state","pid":85040,"process":"oracle","provider":"mexc_ws","num_tickers":0}
{"level":"info","ts":"2024-11-01T11:17:59.096+0100","caller":"oracle/init.go:106","msg":"created osmosis_api provider state","pid":85040,"process":"oracle","provider":"osmosis_api","num_tickers":0}
{"level":"info","ts":"2024-11-01T11:17:59.096+0100","caller":"oracle/update.go:58","msg":"updating provider state","pid":85040,"process":"oracle","provider_state":"uniswapv3_api-ethereum"}
{"level":"info","ts":"2024-11-01T11:17:59.096+0100","caller":"oracle/update.go:73","msg":"updated uniswapv3_api-ethereum provider state","pid":85040,"process":"oracle","provider":"uniswapv3_api-ethereum","num_tickers":0}
{"level":"info","ts":"2024-11-01T11:17:59.096+0100","caller":"oracle/update.go:73","msg":"updated gate_ws provider state","pid":85040,"process":"oracle","provider":"gate_ws","num_tickers":0}
{"level":"info","ts":"2024-11-01T11:17:59.096+0100","caller":"oracle/update.go:73","msg":"updated coinbase_ws provider state","pid":85040,"process":"oracle","provider":"coinbase_ws","num_tickers":0}
{"level":"info","ts":"2024-11-01T11:17:59.096+0100","caller":"oracle/update.go:73","msg":"updated okx_ws provider state","pid":85040,"process":"oracle","provider":"okx_ws","num_tickers":0}
{"level":"info","ts":"2024-11-01T11:17:59.096+0100","caller":"oracle/update.go:73","msg":"updated coinmarketcap_api provider state","pid":85040,"process":"oracle","provider":"coinmarketcap_api","num_tickers":0}
{"level":"info","ts":"2024-11-01T11:17:59.096+0100","caller":"oracle/update.go:73","msg":"updated coinbase_api provider state","pid":85040,"process":"oracle","provider":"coinbase_api","num_tickers":0}
{"level":"info","ts":"2024-11-01T11:17:59.096+0100","caller":"oracle/update.go:73","msg":"updated bitstamp_ws provider state","pid":85040,"process":"oracle","provider":"bitstamp_ws","num_tickers":0}
{"level":"info","ts":"2024-11-01T11:17:59.096+0100","caller":"oracle/lifecycle.go:82","msg":"cancelling context","pid":85040,"process":"oracle"}
{"level":"info","ts":"2024-11-01T11:17:59.096+0100","caller":"oracle/lifecycle.go:86","msg":"waiting for routines to stop","pid":85040,"process":"oracle"}
{"level":"info","ts":"2024-11-01T11:17:59.096+0100","caller":"oracle/lifecycle.go:88","msg":"oracle exited successfully","pid":85040,"process":"oracle"}
{"level":"info","ts":"2024-11-01T11:17:59.096+0100","caller":"oracle/update.go:73","msg":"updated crypto_dot_com_ws provider state","pid":85040,"process":"oracle","provider":"crypto_dot_com_ws","num_tickers":0}
{"level":"info","ts":"2024-11-01T11:17:59.096+0100","caller":"connect/main.go:415","msg":"stopping prometheus metrics","pid":85040}
{"level":"info","ts":"2024-11-02T16:00:19.330+0100","caller":"connect/main.go:337","msg":"successfully read in configs","pid":26955,"oracle_config_path":"","market_config_path":""}
{"level":"info","ts":"2024-11-02T16:00:24.576+0100","caller":"connect/main.go:404","msg":"starting prometheus metrics","pid":26955,"address":"0.0.0.0:8002"}
{"level":"info","ts":"2024-11-02T16:00:24.576+0100","caller":"oracle/lifecycle.go:16","msg":"starting oracle","pid":26955,"process":"oracle"}
{"level":"info","ts":"2024-11-02T16:00:24.577+0100","caller":"oracle/init.go:106","msg":"created polymarket_api provider state","pid":26955,"process":"oracle","provider":"polymarket_api","num_tickers":0}
{"level":"info","ts":"2024-11-02T16:00:24.577+0100","caller":"oracle/init.go:106","msg":"created crypto_dot_com_ws provider state","pid":26955,"process":"oracle","provider":"crypto_dot_com_ws","num_tickers":0}
{"level":"info","ts":"2024-11-02T16:00:24.577+0100","caller":"oracle/init.go:106","msg":"created volatile-exchange-provider provider state","pid":26955,"process":"oracle","provider":"volatile-exchange-provider","num_tickers":0}
{"level":"info","ts":"2024-11-02T16:00:24.577+0100","caller":"oracle/init.go:106","msg":"created coinmarketcap_api provider state","pid":26955,"process":"oracle","provider":"coinmarketcap_api","num_tickers":0}
{"level":"info","ts":"2024-11-02T16:00:24.577+0100","caller":"oracle/server.go:134","msg":"starting grpc server","pid":26955,"server":"oracle","host":"::","port":"8080"}
{"level":"info","ts":"2024-11-02T16:00:24.578+0100","caller":"oracle/init.go:155","msg":"created market map provider","pid":26955,"process":"oracle","provider":"marketmap_api"}
{"level":"info","ts":"2024-11-02T16:00:24.578+0100","caller":"oracle/init.go:106","msg":"created okx_ws provider state","pid":26955,"process":"oracle","provider":"okx_ws","num_tickers":0}
{"level":"info","ts":"2024-11-02T16:00:24.578+0100","caller":"oracle/init.go:106","msg":"created coinbase_ws provider state","pid":26955,"process":"oracle","provider":"coinbase_ws","num_tickers":0}
{"level":"info","ts":"2024-11-02T16:00:24.578+0100","caller":"oracle/init.go:106","msg":"created kraken_ws provider state","pid":26955,"process":"oracle","provider":"kraken_ws","num_tickers":0}
{"level":"info","ts":"2024-11-02T16:00:24.578+0100","caller":"oracle/init.go:106","msg":"created bitstamp_api provider state","pid":26955,"process":"oracle","provider":"bitstamp_api","num_tickers":0}
{"level":"info","ts":"2024-11-02T16:00:24.578+0100","caller":"oracle/init.go:106","msg":"created coingecko_api provider state","pid":26955,"process":"oracle","provider":"coingecko_api","num_tickers":0}
{"level":"info","ts":"2024-11-02T16:00:24.578+0100","caller":"oracle/init.go:106","msg":"created bitstamp_ws provider state","pid":26955,"process":"oracle","provider":"bitstamp_ws","num_tickers":0}
{"level":"info","ts":"2024-11-02T16:00:24.580+0100","caller":"oracle/init.go:106","msg":"created uniswapv3_api-base provider state","pid":26955,"process":"oracle","provider":"uniswapv3_api-base","num_tickers":0}
{"level":"info","ts":"2024-11-02T16:00:24.580+0100","caller":"oracle/init.go:106","msg":"created mexc_ws provider state","pid":26955,"process":"oracle","provider":"mexc_ws","num_tickers":0}
{"level":"info","ts":"2024-11-02T16:00:24.580+0100","caller":"oracle/init.go:106","msg":"created huobi_ws provider state","pid":26955,"process":"oracle","provider":"huobi_ws","num_tickers":0}
{"level":"info","ts":"2024-11-02T16:00:24.580+0100","caller":"oracle/init.go:106","msg":"created kraken_api provider state","pid":26955,"process":"oracle","provider":"kraken_api","num_tickers":0}
{"level":"info","ts":"2024-11-02T16:00:24.580+0100","caller":"oracle/init.go:106","msg":"created binance_api provider state","pid":26955,"process":"oracle","provider":"binance_api","num_tickers":0}
{"level":"info","ts":"2024-11-02T16:00:24.580+0100","caller":"oracle/init.go:106","msg":"created gate_ws provider state","pid":26955,"process":"oracle","provider":"gate_ws","num_tickers":0}
{"level":"info","ts":"2024-11-02T16:00:24.580+0100","caller":"oracle/init.go:106","msg":"created binance_ws provider state","pid":26955,"process":"oracle","provider":"binance_ws","num_tickers":0}
{"level":"info","ts":"2024-11-02T16:00:24.580+0100","caller":"oracle/init.go:106","msg":"created raydium_api provider state","pid":26955,"process":"oracle","provider":"raydium_api","num_tickers":0}
{"level":"info","ts":"2024-11-02T16:00:24.580+0100","caller":"oracle/init.go:106","msg":"created kucoin_ws provider state","pid":26955,"process":"oracle","provider":"kucoin_ws","num_tickers":0}
{"level":"info","ts":"2024-11-02T16:00:24.580+0100","caller":"oracle/init.go:106","msg":"created osmosis_api provider state","pid":26955,"process":"oracle","provider":"osmosis_api","num_tickers":0}
{"level":"info","ts":"2024-11-02T16:00:24.580+0100","caller":"oracle/init.go:106","msg":"created coinbase_api provider state","pid":26955,"process":"oracle","provider":"coinbase_api","num_tickers":0}
{"level":"info","ts":"2024-11-02T16:00:24.580+0100","caller":"oracle/init.go:106","msg":"created bybit_ws provider state","pid":26955,"process":"oracle","provider":"bybit_ws","num_tickers":0}
{"level":"info","ts":"2024-11-02T16:00:24.580+0100","caller":"oracle/init.go:106","msg":"created bitfinex_ws provider state","pid":26955,"process":"oracle","provider":"bitfinex_ws","num_tickers":0}
{"level":"info","ts":"2024-11-02T16:00:24.580+0100","caller":"oracle/init.go:106","msg":"created uniswapv3_api-ethereum provider state","pid":26955,"process":"oracle","provider":"uniswapv3_api-ethereum","num_tickers":0}
{"level":"info","ts":"2024-11-02T16:00:24.580+0100","caller":"oracle/update.go:58","msg":"updating provider state","pid":26955,"process":"oracle","provider_state":"mexc_ws"}
{"level":"info","ts":"2024-11-02T16:00:24.580+0100","caller":"oracle/update.go:73","msg":"updated mexc_ws provider state","pid":26955,"process":"oracle","provider":"mexc_ws","num_tickers":0}
{"level":"info","ts":"2024-11-02T16:00:24.580+0100","caller":"oracle/update.go:73","msg":"updated coinbase_api provider state","pid":26955,"process":"oracle","provider":"coinbase_api","num_tickers":0}
{"level":"info","ts":"2024-11-02T16:00:24.580+0100","caller":"oracle/update.go:73","msg":"updated crypto_dot_com_ws provider state","pid":26955,"process":"oracle","provider":"crypto_dot_com_ws","num_tickers":0}
{"level":"info","ts":"2024-11-02T16:00:24.580+0100","caller":"oracle/update.go:73","msg":"updated coinbase_ws provider state","pid":26955,"process":"oracle","provider":"coinbase_ws","num_tickers":0}
{"level":"info","ts":"2024-11-02T16:00:24.580+0100","caller":"oracle/update.go:73","msg":"updated bitstamp_ws provider state","pid":26955,"process":"oracle","provider":"bitstamp_ws","num_tickers":0}
{"level":"info","ts":"2024-11-02T16:00:24.580+0100","caller":"oracle/update.go:73","msg":"updated bitfinex_ws provider state","pid":26955,"process":"oracle","provider":"bitfinex_ws","num_tickers":0}
{"level":"info","ts":"2024-11-02T16:00:24.580+0100","caller":"oracle/update.go:73","msg":"updated uniswapv3_api-ethereum provider state","pid":26955,"process":"oracle","provider":"uniswapv3_api-ethereum","num_tickers":0}
{"level":"info","ts":"2024-11-02T16:00:24.580+0100","caller":"oracle/update.go:73","msg":"updated volatile-exchange-provider provider state","pid":26955,"process":"oracle","provider":"volatile-exchange-provider","num_tickers":0}
{"level":"info","ts":"2024-11-02T16:00:24.580+0100","caller":"oracle/update.go:73","msg":"updated okx_ws provider state","pid":26955,"process":"oracle","provider":"okx_ws","num_tickers":0}
{"level":"info","ts":"2024-11-02T16:00:24.580+0100","caller":"oracle/update.go:73","msg":"updated huobi_ws provider state","pid":26955,"process":"oracle","provider":"huobi_ws","num_tickers":0}
{"level":"info","ts":"2024-11-02T16:00:24.580+0100","caller":"oracle/update.go:73","msg":"updated kraken_api provider state","pid":26955,"process":"oracle","provider":"kraken_api","num_tickers":0}
{"level":"info","ts":"2024-11-02T16:00:24.580+0100","caller":"oracle/update.go:73","msg":"updated gate_ws provider state","pid":26955,"process":"oracle","provider":"gate_ws","num_tickers":0}
{"level":"info","ts":"2024-11-02T16:00:24.580+0100","caller":"oracle/update.go:73","msg":"updated raydium_api provider state","pid":26955,"process":"oracle","provider":"raydium_api","num_tickers":0}
{"level":"info","ts":"2024-11-02T16:00:24.580+0100","caller":"oracle/update.go:73","msg":"updated kucoin_ws provider state","pid":26955,"process":"oracle","provider":"kucoin_ws","num_tickers":0}
{"level":"info","ts":"2024-11-02T16:00:24.580+0100","caller":"oracle/update.go:73","msg":"updated kraken_ws provider state","pid":26955,"process":"oracle","provider":"kraken_ws","num_tickers":0}
{"level":"info","ts":"2024-11-02T16:00:24.580+0100","caller":"oracle/update.go:73","msg":"updated coingecko_api provider state","pid":26955,"process":"oracle","provider":"coingecko_api","num_tickers":0}
{"level":"info","ts":"2024-11-02T16:00:24.580+0100","caller":"oracle/update.go:73","msg":"updated uniswapv3_api-base provider state","pid":26955,"process":"oracle","provider":"uniswapv3_api-base","num_tickers":0}
{"level":"info","ts":"2024-11-02T16:00:24.580+0100","caller":"oracle/update.go:73","msg":"updated binance_api provider state","pid":26955,"process":"oracle","provider":"binance_api","num_tickers":0}
{"level":"info","ts":"2024-11-02T16:00:24.580+0100","caller":"oracle/update.go:73","msg":"updated binance_ws provider state","pid":26955,"process":"oracle","provider":"binance_ws","num_tickers":0}
{"level":"info","ts":"2024-11-02T16:00:24.580+0100","caller":"oracle/update.go:73","msg":"updated osmosis_api provider state","pid":26955,"process":"oracle","provider":"osmosis_api","num_tickers":0}
{"level":"info","ts":"2024-11-02T16:00:24.580+0100","caller":"oracle/update.go:73","msg":"updated bybit_ws provider state","pid":26955,"process":"oracle","provider":"bybit_ws","num_tickers":0}
{"level":"info","ts":"2024-11-02T16:00:24.580+0100","caller":"oracle/update.go:73","msg":"updated polymarket_api provider state","pid":26955,"process":"oracle","provider":"polymarket_api","num_tickers":0}
{"level":"info","ts":"2024-11-02T16:00:24.580+0100","caller":"oracle/update.go:73","msg":"updated coinmarketcap_api provider state","pid":26955,"process":"oracle","provider":"coinmarketcap_api","num_tickers":0}
{"level":"info","ts":"2024-11-02T16:00:24.580+0100","caller":"oracle/update.go:73","msg":"updated bitstamp_api provider state","pid":26955,"process":"oracle","provider":"bitstamp_api","num_tickers":0}
{"level":"info","ts":"2024-11-02T16:00:24.580+0100","caller":"oracle/lifecycle.go:45","msg":"starting marketmap provider","pid":26955,"process":"oracle"}
{"level":"info","ts":"2024-11-02T16:00:24.580+0100","caller":"oracle/market_mapper.go:27","msg":"listening for market map updates","pid":26955,"process":"oracle","chain":"local-node"}
{"level":"info","ts":"2024-11-02T16:00:24.580+0100","caller":"base/provider.go:108","msg":"starting provider","pid":26955,"process":"oracle","provider":"marketmap_api"}
{"level":"error","ts":"2024-11-02T16:00:24.653+0100","caller":"marketmap/fetcher.go:104","msg":"failed to query market map module on node","pid":26955,"process":"oracle","fetcher":"marketmap_api","error":"rpc error: code = Unimplemented desc = unknown service connect.marketmap.v2.Query"}
{"level":"error","ts":"2024-11-02T16:00:44.577+0100","caller":"marketmap/fetcher.go:104","msg":"failed to query market map module on node","pid":26955,"process":"oracle","fetcher":"marketmap_api","error":"rpc error: code = Unimplemented desc = unknown service connect.marketmap.v2.Query"}
{"level":"error","ts":"2024-11-02T16:01:04.576+0100","caller":"marketmap/fetcher.go:104","msg":"failed to query market map module on node","pid":26955,"process":"oracle","fetcher":"marketmap_api","error":"rpc error: code = Unimplemented desc = unknown service connect.marketmap.v2.Query"}
{"level":"error","ts":"2024-11-02T16:01:24.575+0100","caller":"marketmap/fetcher.go:104","msg":"failed to query market map module on node","pid":26955,"process":"oracle","fetcher":"marketmap_api","error":"rpc error: code = Unimplemented desc = unknown service connect.marketmap.v2.Query"}
{"level":"error","ts":"2024-11-02T16:01:34.576+0100","caller":"marketmap/fetcher.go:104","msg":"failed to query market map module on node","pid":26955,"process":"oracle","fetcher":"marketmap_api","error":"rpc error: code = Unimplemented desc = unknown service connect.marketmap.v2.Query"}
{"level":"error","ts":"2024-11-02T16:01:44.577+0100","caller":"marketmap/fetcher.go:104","msg":"failed to query market map module on node","pid":26955,"process":"oracle","fetcher":"marketmap_api","error":"rpc error: code = Unimplemented desc = unknown service connect.marketmap.v2.Query"}
{"level":"error","ts":"2024-11-02T16:02:04.576+0100","caller":"marketmap/fetcher.go:104","msg":"failed to query market map module on node","pid":26955,"process":"oracle","fetcher":"marketmap_api","error":"rpc error: code = Unimplemented desc = unknown service connect.marketmap.v2.Query"}
{"level":"error","ts":"2024-11-02T16:02:24.576+0100","caller":"marketmap/fetcher.go:104","msg":"failed to query market map module on node","pid":26955,"process":"oracle","fetcher":"marketmap_api","error":"rpc error: code = Unimplemented desc = unknown service connect.marketmap.v2.Query"}
{"level":"error","ts":"2024-11-02T16:02:34.576+0100","caller":"marketmap/fetcher.go:104","msg":"failed to query market map module on node","pid":26955,"process":"oracle","fetcher":"marketmap_api","error":"rpc error: code = Unimplemented desc = unknown service connect.marketmap.v2.Query"}
{"level":"error","ts":"2024-11-02T16:02:54.575+0100","caller":"marketmap/fetcher.go:104","msg":"failed to query market map module on node","pid":26955,"process":"oracle","fetcher":"marketmap_api","error":"rpc error: code = Unimplemented desc = unknown service connect.marketmap.v2.Query"}
{"level":"error","ts":"2024-11-02T16:03:04.580+0100","caller":"marketmap/fetcher.go:104","msg":"failed to query market map module on node","pid":26955,"process":"oracle","fetcher":"marketmap_api","error":"rpc error: code = Unimplemented desc = unknown service connect.marketmap.v2.Query"}
{"level":"error","ts":"2024-11-02T16:03:24.576+0100","caller":"marketmap/fetcher.go:104","msg":"failed to query market map module on node","pid":26955,"process":"oracle","fetcher":"marketmap_api","error":"rpc error: code = Unimplemented desc = unknown service connect.marketmap.v2.Query"}
{"level":"error","ts":"2024-11-02T16:03:44.575+0100","caller":"marketmap/fetcher.go:104","msg":"failed to query market map module on node","pid":26955,"process":"oracle","fetcher":"marketmap_api","error":"rpc error: code = Unimplemented desc = unknown service connect.marketmap.v2.Query"}
{"level":"info","ts":"2024-11-02T16:03:53.981+0100","caller":"connect/main.go:397","msg":"received interrupt or terminate signal; closing oracle","pid":26955}
{"level":"info","ts":"2024-11-02T16:03:53.987+0100","caller":"connect/main.go:415","msg":"stopping prometheus metrics","pid":26955}
{"level":"info","ts":"2024-11-02T16:03:53.988+0100","caller":"oracle/server.go:121","msg":"context cancelled, closing oracle","pid":26955,"server":"oracle"}
{"level":"info","ts":"2024-11-02T16:03:53.988+0100","caller":"prometheus/server.go:76","msg":"prometheus server closed","pid":26955,"server":"prometheus"}
{"level":"info","ts":"2024-11-02T16:03:53.989+0100","caller":"base/provider.go:166","msg":"main provider context has been cancelled; provider is exiting","pid":26955,"process":"oracle","provider":"marketmap_api","error":"context canceled"}
{"level":"error","ts":"2024-11-02T16:03:53.989+0100","caller":"oracle/lifecycle.go:110","msg":"provider exited","pid":26955,"process":"oracle","provider":"marketmap_api","error":"context canceled"}
{"level":"info","ts":"2024-11-02T16:03:53.989+0100","caller":"oracle/lifecycle.go:80","msg":"stopping oracle","pid":26955,"process":"oracle"}
{"level":"info","ts":"2024-11-02T16:03:53.989+0100","caller":"oracle/lifecycle.go:82","msg":"cancelling context","pid":26955,"process":"oracle"}
{"level":"error","ts":"2024-11-02T16:03:53.989+0100","caller":"connect/main.go:454","msg":"stopping server","pid":26955,"error":"[grpc server]: error serving: http: Server closed"}
{"level":"info","ts":"2024-11-02T16:03:53.989+0100","caller":"oracle/lifecycle.go:88","msg":"oracle exited successfully","pid":26955,"process":"oracle"}
